<?xml version="1.0" encoding="UTF-8"?>
<!-- Generated by org.testng.reporters.JUnitXMLReporter -->
<testsuite ignored="0" hostname="WIN-GLF10487UOQ" failures="0" tests="1" name="Default test" time="3.228" errors="0" timestamp="2021-10-13T05:24:43 PDT">
  <testcase classname="com.existential_crisis.AutomatedTesting" name="@BeforeTest beforeTest" time="3.076">
    <failure type="org.openqa.selenium.SessionNotCreatedException" message="session not created: This version of ChromeDriver only supports Chrome version 92
Current browser version is 94.0.4606.81 with binary path C:\Program Files\Google\Chrome\Application\chrome.exe
Build info: version: &amp;apos;3.141.59&amp;apos;, revision: &amp;apos;e82be7d358&amp;apos;, time: &amp;apos;2018-11-14T08:17:03&amp;apos;
System info: host: &amp;apos;WIN-GLF10487UOQ&amp;apos;, ip: &amp;apos;172.20.113.73&amp;apos;, os.name: &amp;apos;Windows Server 2019&amp;apos;, os.arch: &amp;apos;amd64&amp;apos;, os.version: &amp;apos;10.0&amp;apos;, java.version: &amp;apos;15.0.2&amp;apos;
Driver info: driver.version: ChromeDriver
remote stacktrace: Backtrace:
	Ordinal0 [0x00FE2A33+2501171]
	Ordinal0 [0x00F7D1C1+2085313]
	Ordinal0 [0x00E81FA8+1056680]
	Ordinal0 [0x00EA020A+1180170]
	Ordinal0 [0x00E9C125+1163557]
	Ordinal0 [0x00E9997F+1153407]
	Ordinal0 [0x00EC999F+1350047]
	Ordinal0 [0x00EC960A+1349130]
	Ordinal0 [0x00EC551B+1332507]
	Ordinal0 [0x00EA1D74+1187188]
	Ordinal0 [0x00EA2BD9+1190873]
	GetHandleVerifier [0x0115EFE6+1504438]
	GetHandleVerifier [0x0120DDA5+2220661]
	GetHandleVerifier [0x01065589+481881]
	GetHandleVerifier [0x01064639+477961]
	Ordinal0 [0x00F828BD+2107581]
	Ordinal0 [0x00F86728+2123560]
	Ordinal0 [0x00F86862+2123874]
	Ordinal0 [0x00F8FA81+2161281]
	BaseThreadInitThunk [0x764A0179+25]
	RtlGetAppContainerNamedObjectPath [0x7717662D+237]
	RtlGetAppContainerNamedObjectPath [0x771765FD+189]
">
      <![CDATA[org.openqa.selenium.SessionNotCreatedException: session not created: This version of ChromeDriver only supports Chrome version 92
Current browser version is 94.0.4606.81 with binary path C:\Program Files\Google\Chrome\Application\chrome.exe
Build info: version: '3.141.59', revision: 'e82be7d358', time: '2018-11-14T08:17:03'
System info: host: 'WIN-GLF10487UOQ', ip: '172.20.113.73', os.name: 'Windows Server 2019', os.arch: 'amd64', os.version: '10.0', java.version: '15.0.2'
Driver info: driver.version: ChromeDriver
remote stacktrace: Backtrace:
Ordinal0 [0x00FE2A33+2501171]
Ordinal0 [0x00F7D1C1+2085313]
Ordinal0 [0x00E81FA8+1056680]
Ordinal0 [0x00EA020A+1180170]
Ordinal0 [0x00E9C125+1163557]
Ordinal0 [0x00E9997F+1153407]
Ordinal0 [0x00EC999F+1350047]
Ordinal0 [0x00EC960A+1349130]
Ordinal0 [0x00EC551B+1332507]
Ordinal0 [0x00EA1D74+1187188]
Ordinal0 [0x00EA2BD9+1190873]
GetHandleVerifier [0x0115EFE6+1504438]
GetHandleVerifier [0x0120DDA5+2220661]
GetHandleVerifier [0x01065589+481881]
GetHandleVerifier [0x01064639+477961]
Ordinal0 [0x00F828BD+2107581]
Ordinal0 [0x00F86728+2123560]
Ordinal0 [0x00F86862+2123874]
Ordinal0 [0x00F8FA81+2161281]
BaseThreadInitThunk [0x764A0179+25]
RtlGetAppContainerNamedObjectPath [0x7717662D+237]
RtlGetAppContainerNamedObjectPath [0x771765FD+189]

at java.base/jdk.internal.reflect.NativeConstructorAccessorImpl.newInstance0(Native Method)
at java.base/jdk.internal.reflect.NativeConstructorAccessorImpl.newInstance(NativeConstructorAccessorImpl.java:64)
at java.base/jdk.internal.reflect.DelegatingConstructorAccessorImpl.newInstance(DelegatingConstructorAccessorImpl.java:45)
at java.base/java.lang.reflect.Constructor.newInstanceWithCaller(Constructor.java:500)
at java.base/java.lang.reflect.Constructor.newInstance(Constructor.java:481)
at org.openqa.selenium.remote.W3CHandshakeResponse.lambda$errorHandler$0(W3CHandshakeResponse.java:62)
at org.openqa.selenium.remote.HandshakeResponse.lambda$getResponseFunction$0(HandshakeResponse.java:30)
at org.openqa.selenium.remote.ProtocolHandshake.lambda$createSession$0(ProtocolHandshake.java:126)
at java.base/java.util.stream.ReferencePipeline$3$1.accept(ReferencePipeline.java:195)
at java.base/java.util.Spliterators$ArraySpliterator.tryAdvance(Spliterators.java:958)
at java.base/java.util.stream.ReferencePipeline.forEachWithCancel(ReferencePipeline.java:127)
at java.base/java.util.stream.AbstractPipeline.copyIntoWithCancel(AbstractPipeline.java:502)
at java.base/java.util.stream.AbstractPipeline.copyInto(AbstractPipeline.java:488)
at java.base/java.util.stream.AbstractPipeline.wrapAndCopyInto(AbstractPipeline.java:474)
at java.base/java.util.stream.FindOps$FindOp.evaluateSequential(FindOps.java:150)
at java.base/java.util.stream.AbstractPipeline.evaluate(AbstractPipeline.java:234)
at java.base/java.util.stream.ReferencePipeline.findFirst(ReferencePipeline.java:543)
at org.openqa.selenium.remote.ProtocolHandshake.createSession(ProtocolHandshake.java:128)
at org.openqa.selenium.remote.ProtocolHandshake.createSession(ProtocolHandshake.java:74)
at org.openqa.selenium.remote.HttpCommandExecutor.execute(HttpCommandExecutor.java:136)
at org.openqa.selenium.remote.service.DriverCommandExecutor.execute(DriverCommandExecutor.java:83)
at org.openqa.selenium.remote.RemoteWebDriver.execute(RemoteWebDriver.java:552)
at org.openqa.selenium.remote.RemoteWebDriver.startSession(RemoteWebDriver.java:213)
at org.openqa.selenium.remote.RemoteWebDriver.<init>(RemoteWebDriver.java:131)
at org.openqa.selenium.chrome.ChromeDriver.<init>(ChromeDriver.java:181)
at org.openqa.selenium.chrome.ChromeDriver.<init>(ChromeDriver.java:168)
at org.openqa.selenium.chrome.ChromeDriver.<init>(ChromeDriver.java:123)
at com.existential_crisis.AutomatedTesting.beforeTest(AutomatedTesting.java:30)
at java.base/jdk.internal.reflect.NativeMethodAccessorImpl.invoke0(Native Method)
at java.base/jdk.internal.reflect.NativeMethodAccessorImpl.invoke(NativeMethodAccessorImpl.java:64)
at java.base/jdk.internal.reflect.DelegatingMethodAccessorImpl.invoke(DelegatingMethodAccessorImpl.java:43)
at java.base/java.lang.reflect.Method.invoke(Method.java:564)
at org.testng.internal.MethodInvocationHelper.invokeMethod(MethodInvocationHelper.java:133)
at org.testng.internal.MethodInvocationHelper.invokeMethodConsideringTimeout(MethodInvocationHelper.java:62)
at org.testng.internal.ConfigInvoker.invokeConfigurationMethod(ConfigInvoker.java:340)
at org.testng.internal.ConfigInvoker.invokeConfigurations(ConfigInvoker.java:294)
at org.testng.TestRunner.invokeTestConfigurations(TestRunner.java:623)
at org.testng.TestRunner.beforeRun(TestRunner.java:613)
at org.testng.TestRunner.run(TestRunner.java:584)
at org.testng.SuiteRunner.runTest(SuiteRunner.java:402)
at org.testng.SuiteRunner.runSequentially(SuiteRunner.java:396)
at org.testng.SuiteRunner.privateRun(SuiteRunner.java:355)
at org.testng.SuiteRunner.run(SuiteRunner.java:304)
at org.testng.SuiteRunnerWorker.runSuite(SuiteRunnerWorker.java:53)
at org.testng.SuiteRunnerWorker.run(SuiteRunnerWorker.java:96)
at org.testng.TestNG.runSuitesSequentially(TestNG.java:1180)
at org.testng.TestNG.runSuitesLocally(TestNG.java:1102)
at org.testng.TestNG.runSuites(TestNG.java:1032)
at org.testng.TestNG.run(TestNG.java:1000)
at org.testng.remote.AbstractRemoteTestNG.run(AbstractRemoteTestNG.java:115)
at org.testng.remote.RemoteTestNG.initAndRun(RemoteTestNG.java:251)
at org.testng.remote.RemoteTestNG.main(RemoteTestNG.java:77)
]]>
    </failure>
  </testcase> <!-- @BeforeTest beforeTest -->
  <testcase classname="com.existential_crisis.AutomatedTesting" name="@AfterTest afterTest" time="-1.634127883717E9">
    <skipped/>
  </testcase> <!-- @AfterTest afterTest -->
  <testcase classname="com.existential_crisis.AutomatedTesting" name="checkTitle" time="0.0">
    <skipped/>
  </testcase> <!-- checkTitle -->
</testsuite> <!-- Default test -->
